1612020373605	geckodriver	INFO	Listening on 127.0.0.1:54525
1612020376703	mozrunner::runner	INFO	Running command: "C:\\Program Files (x86)\\Mozilla Firefox\\firefox.exe" "--marionette" "-foreground" "-no-remote" "-profile" "C:\\Users\\Rafael\\AppData\\Local\\Temp\\rust_mozprofile4j3PH5"
JavaScript error: resource://gre/modules/XULStore.jsm, line 66: Error: Can't find profile directory.
console.warn: SearchSettings: "get: No settings file exists, new profile?" (new Error("", "(unknown module)"))
console.warn: SearchSettings: "get: No settings file exists, new profile?" (new Error("", "(unknown module)"))
1612020380722	Marionette	INFO	Listening on port 54535
1612020380932	Marionette	WARN	TLS certificate errors will be ignored for this session
1612020380954	Marionette	ERROR	[18] No reply from Marionette:Register
JavaScript error: , line 0: uncaught exception: Object
JavaScript error: , line 0: uncaught exception: Object
JavaScript error: , line 0: uncaught exception: Object
JavaScript error: , line 0: uncaught exception: Object
1612020409256	Marionette	WARN	TimedPromise timed out after 500 ms: stacktrace:
TimedPromise/<@chrome://marionette/content/sync.js:235:19
TimedPromise@chrome://marionette/content/sync.js:220:10
interaction.flushEventLoop@chrome://marionette/content/interaction.js:418:10
webdriverClickElement@chrome://marionette/content/interaction.js:179:31
1612020417133	Marionette	WARN	TimedPromise timed out after 500 ms: stacktrace:
TimedPromise/<@chrome://marionette/content/sync.js:235:19
TimedPromise@chrome://marionette/content/sync.js:220:10
interaction.flushEventLoop@chrome://marionette/content/interaction.js:418:10
webdriverClickElement@chrome://marionette/content/interaction.js:179:31
1612020424851	Marionette	WARN	TimedPromise timed out after 500 ms: stacktrace:
TimedPromise/<@chrome://marionette/content/sync.js:235:19
TimedPromise@chrome://marionette/content/sync.js:220:10
interaction.flushEventLoop@chrome://marionette/content/interaction.js:418:10
webdriverClickElement@chrome://marionette/content/interaction.js:179:31
1612020434361	Marionette	WARN	TimedPromise timed out after 500 ms: stacktrace:
TimedPromise/<@chrome://marionette/content/sync.js:235:19
TimedPromise@chrome://marionette/content/sync.js:220:10
interaction.flushEventLoop@chrome://marionette/content/interaction.js:418:10
webdriverClickElement@chrome://marionette/content/interaction.js:179:31
1612020453430	Marionette	INFO	Stopped listening on port 54535

###!!! [Child][RunMessage] Error: Channel closing: too late to send/recv, messages will be lost

1612020478810	geckodriver	INFO	Listening on 127.0.0.1:54744
1612020481853	mozrunner::runner	INFO	Running command: "C:\\Program Files (x86)\\Mozilla Firefox\\firefox.exe" "--marionette" "-foreground" "-no-remote" "-profile" "C:\\Users\\Rafael\\AppData\\Local\\Temp\\rust_mozprofileHsuDgd"
JavaScript error: resource://gre/modules/XULStore.jsm, line 66: Error: Can't find profile directory.
console.warn: SearchSettings: "get: No settings file exists, new profile?" (new Error("", "(unknown module)"))
console.warn: SearchSettings: "get: No settings file exists, new profile?" (new Error("", "(unknown module)"))
1612020485771	Marionette	INFO	Listening on port 54753
1612020486086	Marionette	WARN	TLS certificate errors will be ignored for this session
1612020486103	Marionette	ERROR	[18] No reply from Marionette:Register
JavaScript error: , line 0: uncaught exception: Object
JavaScript error: , line 0: uncaught exception: Object
JavaScript error: , line 0: uncaught exception: Object
JavaScript error: , line 0: uncaught exception: Object
JavaScript error: chrome://marionette/content/actors/MarionetteCommandsChild.jsm, line 64: TypeError: this.document.defaultView is null
1612020497344	Marionette	INFO	Stopped listening on port 54753

###!!! [Child][RunMessage] Error: Channel closing: too late to send/recv, messages will be lost

1612020618637	geckodriver	INFO	Listening on 127.0.0.1:54908
1612020621684	mozrunner::runner	INFO	Running command: "C:\\Program Files (x86)\\Mozilla Firefox\\firefox.exe" "--marionette" "-foreground" "-no-remote" "-profile" "C:\\Users\\Rafael\\AppData\\Local\\Temp\\rust_mozprofileROPTR0"
JavaScript error: resource://gre/modules/XULStore.jsm, line 66: Error: Can't find profile directory.
console.warn: SearchSettings: "get: No settings file exists, new profile?" (new Error("", "(unknown module)"))
console.warn: SearchSettings: "get: No settings file exists, new profile?" (new Error("", "(unknown module)"))
1612020625517	Marionette	INFO	Listening on port 54920
1612020625910	Marionette	WARN	TLS certificate errors will be ignored for this session
1612020625929	Marionette	ERROR	[18] No reply from Marionette:Register
JavaScript error: , line 0: uncaught exception: Object
JavaScript error: , line 0: uncaught exception: Object
JavaScript error: , line 0: uncaught exception: Object
JavaScript error: , line 0: uncaught exception: Object
1612020630766	Marionette	WARN	TimedPromise timed out after 500 ms: stacktrace:
TimedPromise/<@chrome://marionette/content/sync.js:235:19
TimedPromise@chrome://marionette/content/sync.js:220:10
interaction.flushEventLoop@chrome://marionette/content/interaction.js:418:10
webdriverClickElement@chrome://marionette/content/interaction.js:179:31
1612020649575	Marionette	INFO	Stopped listening on port 54920

###!!! [Child][RunMessage] Error: Channel closing: too late to send/recv, messages will be lost

1612020723424	geckodriver	INFO	Listening on 127.0.0.1:55124
1612020726479	mozrunner::runner	INFO	Running command: "C:\\Program Files (x86)\\Mozilla Firefox\\firefox.exe" "--marionette" "-foreground" "-no-remote" "-profile" "C:\\Users\\Rafael\\AppData\\Local\\Temp\\rust_mozprofilenRGG4U"
JavaScript error: resource://gre/modules/XULStore.jsm, line 66: Error: Can't find profile directory.
console.warn: SearchSettings: "get: No settings file exists, new profile?" (new Error("", "(unknown module)"))
console.warn: SearchSettings: "get: No settings file exists, new profile?" (new Error("", "(unknown module)"))
1612020730270	Marionette	INFO	Listening on port 55133
1612020730668	Marionette	WARN	TLS certificate errors will be ignored for this session
1612020730684	Marionette	ERROR	[18] No reply from Marionette:Register
JavaScript error: , line 0: uncaught exception: Object
JavaScript error: , line 0: uncaught exception: Object
JavaScript error: , line 0: uncaught exception: Object
JavaScript error: , line 0: uncaught exception: Object
JavaScript error: chrome://marionette/content/actors/MarionetteCommandsChild.jsm, line 64: TypeError: this.document.defaultView is null
1612020743430	Marionette	INFO	Stopped listening on port 55133

###!!! [Child][RunMessage] Error: Channel closing: too late to send/recv, messages will be lost

